2024-08-22 23:26:17.453 [MainThread] [NotInTask] INFO E:\py-xxl-job\venv\Lib\site-packages\pyxxl\logger\disk.py(__init__:31) - create logdir logs
2024-08-22 23:26:17.454 [MainThread] [NotInTask] INFO E:\py-xxl-job\venv\Lib\site-packages\pyxxl\main.py(_cleanup_ctx:107) - register with handlers ['<demoJobHandler is_async:True>', '<xxxxx is_async:False>']
2024-08-22 23:26:17.455 [MainThread] [NotInTask] INFO E:\py-xxl-job\venv\Lib\site-packages\pyxxl\main.py(server_info_ctx:31) - start executor server with pid 20596.
2024-08-22 23:26:17.474 [MainThread] [NotInTask] ERROR E:\py-xxl-job\venv\Lib\site-packages\pyxxl\xxl_client.py(registry:64) - Registry executor failed. The access token is wrong.
2024-08-22 23:26:27.486 [MainThread] [NotInTask] ERROR E:\py-xxl-job\venv\Lib\site-packages\pyxxl\xxl_client.py(registry:64) - Registry executor failed. The access token is wrong.
2024-08-22 23:26:37.508 [MainThread] [NotInTask] ERROR E:\py-xxl-job\venv\Lib\site-packages\pyxxl\xxl_client.py(registry:64) - Registry executor failed. The access token is wrong.
2024-08-22 23:26:47.516 [MainThread] [NotInTask] ERROR E:\py-xxl-job\venv\Lib\site-packages\pyxxl\xxl_client.py(registry:64) - Registry executor failed. The access token is wrong.
2024-08-22 23:26:57.523 [MainThread] [NotInTask] ERROR E:\py-xxl-job\venv\Lib\site-packages\pyxxl\xxl_client.py(registry:64) - Registry executor failed. The access token is wrong.
2024-08-22 23:27:07.533 [MainThread] [NotInTask] ERROR E:\py-xxl-job\venv\Lib\site-packages\pyxxl\xxl_client.py(registry:64) - Registry executor failed. The access token is wrong.
2024-08-22 23:27:16.404 [MainThread] [NotInTask] INFO E:\py-xxl-job\venv\Lib\site-packages\pyxxl\main.py(server_info_ctx:33) - stop executor server. pid=20596.
2024-08-22 23:27:16.406 [MainThread] [NotInTask] WARNING E:\py-xxl-job\venv\Lib\site-packages\pyxxl\main.py(_register_task:76) - Register task is exit.
2024-08-22 23:27:19.768 [MainThread] [NotInTask] INFO E:\py-xxl-job\venv\Lib\site-packages\pyxxl\main.py(_cleanup_ctx:107) - register with handlers ['<demoJobHandler is_async:True>', '<xxxxx is_async:False>']
2024-08-22 23:27:19.769 [MainThread] [NotInTask] INFO E:\py-xxl-job\venv\Lib\site-packages\pyxxl\main.py(server_info_ctx:31) - start executor server with pid 23112.
2024-08-22 23:28:50.437 [MainThread] [NotInTask] INFO E:\py-xxl-job\venv\Lib\site-packages\pyxxl\server.py(run:54) - Get task request. jobId=32 logId=1829860 [RunData(jobId=32, logId=1829860, executorHandler='demoJobHandler', executorBlockStrategy='SERIAL_EXECUTION', executorParams='', executorTimeout=0, logDateTime=1724340530421, glueType='BEAN', glueSource='', glueUpdatetime=1724340525000, broadcastIndex=0, broadcastTotal=1)]
2024-08-22 23:28:55.453 [MainThread] [1829860] INFO E:\py-xxl-job\venv\Lib\site-packages\pyxxl\executor.py(_finish:254) - Finish task <XXLTask task=<Task pending name='Task-23' coro=<Executor._run() running at E:\py-xxl-job\venv\Lib\site-packages\pyxxl\executor.py:249>> data=RunData(jobId=32, logId=1829860, executorHandler='demoJobHandler', executorBlockStrategy='SERIAL_EXECUTION', executorParams='', executorTimeout=0, logDateTime=1724340530421, glueType='BEAN', glueSource='', glueUpdatetime=1724340525000, broadcastIndex=0, broadcastTotal=1)>
2024-08-22 23:29:37.538 [MainThread] [NotInTask] INFO E:\py-xxl-job\venv\Lib\site-packages\pyxxl\main.py(server_info_ctx:33) - stop executor server. pid=23112.
2024-08-22 23:29:37.539 [MainThread] [NotInTask] WARNING E:\py-xxl-job\venv\Lib\site-packages\pyxxl\main.py(_register_task:76) - Register task is exit.
2024-08-22 23:29:37.543 [MainThread] [NotInTask] INFO E:\py-xxl-job\venv\Lib\site-packages\pyxxl\xxl_client.py(registryRemove:70) - RegistryRemove successful. {'registryGroup': 'EXECUTOR', 'registryKey': 'py-xxl-job-executor-sample', 'registryValue': 'http://127.0.0.1:9999'}
2024-08-22 23:29:37.561 [MainThread] [NotInTask] INFO E:\py-xxl-job\venv\Lib\site-packages\pyxxl\xxl_client.py(close:110) - http session is closed.
2024-08-22 23:29:37.562 [MainThread] [NotInTask] INFO E:\py-xxl-job\venv\Lib\site-packages\pyxxl\main.py(_cleanup_ctx:121) - cleanup executor success.
2024-08-22 23:29:38.959 [MainThread] [NotInTask] INFO E:\py-xxl-job\venv\Lib\site-packages\pyxxl\main.py(_cleanup_ctx:107) - register with handlers ['<demoJobHandler is_async:True>', '<xxxxx is_async:False>']
2024-08-22 23:29:38.968 [MainThread] [NotInTask] INFO E:\py-xxl-job\venv\Lib\site-packages\pyxxl\main.py(server_info_ctx:31) - start executor server with pid 19516.
2024-08-22 23:29:50.809 [MainThread] [NotInTask] INFO E:\py-xxl-job\venv\Lib\site-packages\pyxxl\server.py(run:54) - Get task request. jobId=32 logId=1829915 [RunData(jobId=32, logId=1829915, executorHandler='demoJobHandler', executorBlockStrategy='SERIAL_EXECUTION', executorParams='', executorTimeout=0, logDateTime=1724340590801, glueType='BEAN', glueSource='', glueUpdatetime=1724340525000, broadcastIndex=0, broadcastTotal=1)]
2024-08-22 23:29:55.818 [MainThread] [1829915] INFO E:\py-xxl-job\venv\Lib\site-packages\pyxxl\executor.py(_finish:254) - Finish task <XXLTask task=<Task pending name='Task-15' coro=<Executor._run() running at E:\py-xxl-job\venv\Lib\site-packages\pyxxl\executor.py:249>> data=RunData(jobId=32, logId=1829915, executorHandler='demoJobHandler', executorBlockStrategy='SERIAL_EXECUTION', executorParams='', executorTimeout=0, logDateTime=1724340590801, glueType='BEAN', glueSource='', glueUpdatetime=1724340525000, broadcastIndex=0, broadcastTotal=1)>
2024-08-22 23:38:11.159 [MainThread] [NotInTask] INFO E:\py-xxl-job\venv\Lib\site-packages\pyxxl\main.py(server_info_ctx:33) - stop executor server. pid=19516.
2024-08-22 23:38:11.160 [MainThread] [NotInTask] WARNING E:\py-xxl-job\venv\Lib\site-packages\pyxxl\main.py(_register_task:76) - Register task is exit.
2024-08-22 23:38:11.163 [MainThread] [NotInTask] INFO E:\py-xxl-job\venv\Lib\site-packages\pyxxl\xxl_client.py(registryRemove:70) - RegistryRemove successful. {'registryGroup': 'EXECUTOR', 'registryKey': 'py-xxl-job-executor-sample', 'registryValue': 'http://127.0.0.1:9999'}
2024-08-22 23:38:11.181 [MainThread] [NotInTask] INFO E:\py-xxl-job\venv\Lib\site-packages\pyxxl\xxl_client.py(close:110) - http session is closed.
2024-08-22 23:38:11.181 [MainThread] [NotInTask] INFO E:\py-xxl-job\venv\Lib\site-packages\pyxxl\main.py(_cleanup_ctx:121) - cleanup executor success.
2024-08-22 23:38:13.004 [MainThread] [NotInTask] INFO E:\py-xxl-job\venv\Lib\site-packages\pyxxl\main.py(_cleanup_ctx:107) - register with handlers ['<demoJobHandler is_async:True>', '<xxxxx is_async:False>']
2024-08-22 23:38:13.005 [MainThread] [NotInTask] INFO E:\py-xxl-job\venv\Lib\site-packages\pyxxl\main.py(server_info_ctx:31) - start executor server with pid 27536.
2024-08-22 23:39:10.015 [MainThread] [NotInTask] INFO E:\py-xxl-job\venv\Lib\site-packages\pyxxl\server.py(run:54) - Get task request. jobId=32 logId=1830452 [RunData(jobId=32, logId=1830452, executorHandler='demoJobHandler', executorBlockStrategy='SERIAL_EXECUTION', executorParams='', executorTimeout=0, logDateTime=1724341150005, glueType='BEAN', glueSource='', glueUpdatetime=1724340525000, broadcastIndex=0, broadcastTotal=1)]
2024-08-22 23:39:15.028 [MainThread] [1830452] INFO E:\py-xxl-job\venv\Lib\site-packages\pyxxl\executor.py(_finish:254) - Finish task <XXLTask task=<Task pending name='Task-19' coro=<Executor._run() running at E:\py-xxl-job\venv\Lib\site-packages\pyxxl\executor.py:249>> data=RunData(jobId=32, logId=1830452, executorHandler='demoJobHandler', executorBlockStrategy='SERIAL_EXECUTION', executorParams='', executorTimeout=0, logDateTime=1724341150005, glueType='BEAN', glueSource='', glueUpdatetime=1724340525000, broadcastIndex=0, broadcastTotal=1)>
2024-08-22 23:49:30.234 [MainThread] [NotInTask] INFO E:\py-xxl-job\venv\Lib\site-packages\pyxxl\main.py(server_info_ctx:33) - stop executor server. pid=27536.
2024-08-22 23:49:30.235 [MainThread] [NotInTask] WARNING E:\py-xxl-job\venv\Lib\site-packages\pyxxl\main.py(_register_task:76) - Register task is exit.
2024-08-22 23:49:30.237 [MainThread] [NotInTask] INFO E:\py-xxl-job\venv\Lib\site-packages\pyxxl\xxl_client.py(registryRemove:70) - RegistryRemove successful. {'registryGroup': 'EXECUTOR', 'registryKey': 'py-xxl-job-executor-sample', 'registryValue': 'http://127.0.0.1:9999'}
2024-08-22 23:49:30.260 [MainThread] [NotInTask] INFO E:\py-xxl-job\venv\Lib\site-packages\pyxxl\xxl_client.py(close:110) - http session is closed.
2024-08-22 23:49:30.261 [MainThread] [NotInTask] INFO E:\py-xxl-job\venv\Lib\site-packages\pyxxl\main.py(_cleanup_ctx:121) - cleanup executor success.
